\BOOKMARK [0][-]{chapter*.2}{\376\377\004\022\004\062\004\065\004\064\004\065\004\075\004\070\004\065}{}% 1
\BOOKMARK [0][-]{chapter.1}{\376\377\000P\000r\000o\000b\000l\000e\000m\000\040\000s\000t\000a\000t\000e\000m\000e\000n\000t}{}% 2
\BOOKMARK [0][-]{chapter.2}{\376\377\000O\000v\000e\000r\000v\000i\000e\000w\000\040\000o\000f\000\040\000E\000x\000i\000s\000t\000i\000n\000g\000\040\000S\000o\000l\000u\000t\000i\000o\000n\000s}{}% 3
\BOOKMARK [1][-]{section.2.1}{\376\377\000C\000o\000r\000r\000e\000l\000a\000t\000i\000o\000n\000\040\000F\000i\000l\000t\000e\000r\000-\000B\000a\000s\000e\000d\000\040\000T\000r\000a\000c\000k\000i\000n\000g\000\040\000M\000e\000t\000h\000o\000d\000s}{chapter.2}% 4
\BOOKMARK [1][-]{section.2.2}{\376\377\000D\000e\000e\000p\000\040\000L\000e\000a\000r\000n\000i\000n\000g\000-\000B\000a\000s\000e\000d\000\040\000T\000r\000a\000c\000k\000i\000n\000g\000\040\000M\000e\000t\000h\000o\000d\000s}{chapter.2}% 5
\BOOKMARK [1][-]{section.2.3}{\376\377\000S\000e\000n\000s\000o\000r\000\040\000F\000u\000s\000i\000o\000n\000-\000B\000a\000s\000e\000d\000\040\000T\000r\000a\000c\000k\000i\000n\000g\000\040\000M\000e\000t\000h\000o\000d\000s}{chapter.2}% 6
\BOOKMARK [0][-]{chapter.3}{\376\377\000T\000h\000e\000o\000r\000e\000t\000i\000c\000a\000l\000\040\000s\000t\000u\000d\000y\000\040\000o\000f\000\040\000a\000l\000g\000o\000r\000i\000t\000h\000m\000s}{}% 7
\BOOKMARK [1][-]{section.3.1}{\376\377\000M\000i\000n\000i\000m\000u\000m\000\040\000O\000u\000t\000p\000u\000t\000\040\000S\000u\000m\000\040\000o\000f\000\040\000S\000q\000u\000a\000r\000e\000d\000\040\000E\000r\000r\000o\000r\000\040\000\050\000M\000O\000S\000S\000E\000\051}{chapter.3}% 8
\BOOKMARK [1][-]{section.3.2}{\376\377\000K\000e\000r\000n\000e\000l\000i\000z\000e\000d\000\040\000C\000o\000r\000r\000e\000l\000a\000t\000i\000o\000n\000\040\000F\000i\000l\000t\000e\000r\000\040\000\050\000K\000C\000F\000\051}{chapter.3}% 9
\BOOKMARK [1][-]{section.3.3}{\376\377\000G\000e\000n\000e\000r\000i\000c\000\040\000O\000b\000j\000e\000c\000t\000\040\000T\000r\000a\000c\000k\000i\000n\000g\000\040\000U\000s\000i\000n\000g\000\040\000R\000e\000g\000r\000e\000s\000s\000i\000o\000n\000\040\000N\000e\000t\000w\000o\000r\000k\000s\000\040\000\050\000G\000O\000T\000U\000R\000N\000\051}{chapter.3}% 10
\BOOKMARK [1][-]{section.3.4}{\376\377\000S\000i\000a\000m\000e\000s\000e\000\040\000R\000e\000g\000i\000o\000n\000\040\000P\000r\000o\000p\000o\000s\000a\000l\000\040\000N\000e\000t\000w\000o\000r\000k\000\040\000\050\000S\000i\000a\000m\000R\000P\000N\000\051}{chapter.3}% 11
\BOOKMARK [1][-]{section.3.5}{\376\377\000T\000r\000a\000n\000s\000f\000o\000r\000m\000e\000r\000\040\000T\000r\000a\000c\000k\000e\000r}{chapter.3}% 12
\BOOKMARK [0][-]{chapter.4}{\376\377\000D\000a\000t\000a\000s\000e\000t\000\040\000a\000n\000d\000\040\000e\000v\000a\000l\000u\000a\000t\000i\000o\000n\000\040\000m\000e\000t\000r\000i\000c\000s}{}% 13
\BOOKMARK [1][-]{section.4.1}{\376\377\000U\000O\000T\0001\0000\0000\000\040\000D\000a\000t\000a\000s\000e\000t}{chapter.4}% 14
\BOOKMARK [1][-]{section.4.2}{\376\377\000E\000v\000a\000l\000u\000a\000t\000i\000o\000n\000\040\000M\000e\000t\000r\000i\000c\000s}{chapter.4}% 15
\BOOKMARK [2][-]{subsection.4.2.1}{\376\377\000A\000v\000e\000r\000a\000g\000e\000\040\000O\000v\000e\000r\000l\000a\000p\000\040\000\050\000A\000O\000\051}{section.4.2}% 16
\BOOKMARK [2][-]{subsection.4.2.2}{\376\377\000S\000u\000c\000c\000e\000s\000s\000\040\000R\000a\000t\000e\000\040\000\050\000S\000R\000\051}{section.4.2}% 17
\BOOKMARK [2][-]{subsection.4.2.3}{\376\377\000S\000u\000c\000c\000e\000s\000s\000\040\000C\000u\000r\000v\000e}{section.4.2}% 18
\BOOKMARK [2][-]{subsection.4.2.4}{\376\377\000F\000r\000a\000m\000e\000s\000\040\000P\000e\000r\000\040\000S\000e\000c\000o\000n\000d\000\040\000\050\000F\000P\000S\000\051}{section.4.2}% 19
\BOOKMARK [0][-]{chapter.5}{\376\377\000E\000x\000p\000e\000r\000i\000m\000e\000n\000t\000a\000l\000\040\000R\000e\000s\000u\000l\000t\000s\000\040\000a\000n\000d\000\040\000A\000n\000a\000l\000y\000s\000i\000s}{}% 20
\BOOKMARK [1][-]{section.5.1}{\376\377\000B\000e\000n\000c\000h\000m\000a\000r\000k\000i\000n\000g\000\040\000S\000e\000t\000u\000p}{chapter.5}% 21
\BOOKMARK [1][-]{section.5.2}{\376\377\000Q\000u\000a\000n\000t\000i\000t\000a\000t\000i\000v\000e\000\040\000R\000e\000s\000u\000l\000t\000s}{chapter.5}% 22
\BOOKMARK [1][-]{section.5.3}{\376\377\000S\000u\000c\000c\000e\000s\000s\000\040\000C\000u\000r\000v\000e\000\040\000V\000i\000s\000u\000a\000l\000i\000z\000a\000t\000i\000o\000n}{chapter.5}% 23
\BOOKMARK [1][-]{section.5.4}{\376\377\000Q\000u\000a\000l\000i\000t\000a\000t\000i\000v\000e\000\040\000A\000n\000a\000l\000y\000s\000i\000s\000\040\000a\000n\000d\000\040\000O\000b\000s\000e\000r\000v\000a\000t\000i\000o\000n\000s\000\040\000u\000n\000d\000e\000r\000\040\000K\000e\000y\000\040\000U\000n\000d\000e\000r\000w\000a\000t\000e\000r\000\040\000C\000h\000a\000l\000l\000e\000n\000g\000e\000s}{chapter.5}% 24
\BOOKMARK [0][-]{chapter.6}{\376\377\000C\000o\000n\000c\000l\000u\000s\000i\000o\000n}{}% 25
\BOOKMARK [0][-]{section*.56}{\376\377\004\041\004\077\004\070\004\101\004\076\004\072\000\040\004\070\004\101\004\077\004\076\004\073\004\114\004\067\004\076\004\062\004\060\004\075\004\075\004\113\004\105\000\040\004\070\004\101\004\102\004\076\004\107\004\075\004\070\004\072\004\076\004\062}{}% 26
